<?xml version="1.0" encoding="UTF-8"?>
<!-- Generated by org.testng.reporters.JUnitXMLReporter -->
<testsuite ignored="0" hostname="L-4080" failures="0" tests="3" name="Test1" time="53.381" errors="0" timestamp="2022-09-26T22:13:06 IST">
  <testcase classname="com.matrices.qa.pagetest.HomePageTest" name="getTitleTest" time="0.012"/>
  <testcase classname="com.matrices.qa.pagetest.HomePageTest" name="searchContentTest" time="8.865"/>
  <testcase classname="com.matrices.qa.pagetest.HomePageTest" name="gotoNewPageTest" time="16.798"/>
</testsuite> <!-- Test1 -->
